
> nigerian-tax-saas@0.1.0 build
> next build

Î“Ă»â–“ Next.js 16.2.3 (Turbopack)
- Environments: .env.local, .env

Î“ĂśĂˇ The "middleware" file convention is deprecated. Please use "proxy" instead. Learn more: https://nextjs.org/docs/messages/middleware-to-proxy
  Creating an optimized production build ...
Î“ÂŁĂ´ Compiled successfully in 26.2s
  Running TypeScript ...
  Finished TypeScript in 17.3s ...
  Collecting page data using 3 workers ...
  Generating static pages using 3 workers (0/30) ...
  Generating static pages using 3 workers (7/30) 
  Generating static pages using 3 workers (14/30) 
  Generating static pages using 3 workers (22/30) 
Î“ÂŁĂ´ Generating static pages using 3 workers (30/30) in 2.2s
  Finalizing page optimization ...

Route (app)
Î“Ă¶Ă® Î“ĂąĂŻ /
Î“Ă¶ÂŁ Î“ĂąĂŻ /_not-found
Î“Ă¶ÂŁ Î“ĂąĂŻ /admin-dashboard
Î“Ă¶ÂŁ â•žĂ† /api/auth/[...nextauth]
Î“Ă¶ÂŁ â•žĂ† /api/auth/register
Î“Ă¶ÂŁ â•žĂ† /api/auth/users
Î“Ă¶ÂŁ â•žĂ† /api/expenses
Î“Ă¶ÂŁ â•žĂ† /api/income
Î“Ă¶ÂŁ â•žĂ† /api/payments/initialize
Î“Ă¶ÂŁ â•žĂ† /api/payments/webhook
Î“Ă¶ÂŁ â•žĂ† /api/projects
Î“Ă¶ÂŁ â•žĂ† /api/reviews
Î“Ă¶ÂŁ â•žĂ† /api/reviews/seller/[id]
Î“Ă¶ÂŁ â•žĂ† /api/reviews/seller/[id]/rating
Î“Ă¶ÂŁ â•žĂ† /api/tax/calculate
Î“Ă¶ÂŁ â•žĂ† /api/tax/pdf
Î“Ă¶ÂŁ â•žĂ† /api/user/state
Î“Ă¶ÂŁ â•žĂ† /api/users/[id]
Î“Ă¶ÂŁ Î“ĂąĂŻ /artisans
Î“Ă¶ÂŁ â•žĂ† /business
Î“Ă¶ÂŁ Î“ĂąĂŻ /business/expenses
Î“Ă¶ÂŁ Î“ĂąĂŻ /business/forms
Î“Ă¶ÂŁ Î“ĂąĂŻ /business/income
Î“Ă¶ÂŁ Î“ĂąĂŻ /business/tax
Î“Ă¶ÂŁ Î“ĂąĂŻ /cart
Î“Ă¶ÂŁ Î“ĂąĂŻ /checkout
Î“Ă¶ÂŁ â•žĂ† /individual
Î“Ă¶ÂŁ Î“ĂąĂŻ /individual/expenses
Î“Ă¶ÂŁ Î“ĂąĂŻ /individual/forms
Î“Ă¶ÂŁ Î“ĂąĂŻ /individual/income
Î“Ă¶ÂŁ Î“ĂąĂŻ /individual/tax
Î“Ă¶ÂŁ Î“ĂąĂŻ /login
Î“Ă¶ÂŁ Î“ĂąĂŻ /marketplace
Î“Ă¶ÂŁ Î“ĂąĂŻ /orders
Î“Ă¶ÂŁ â•žĂ† /product/[id]
Î“Ă¶ÂŁ Î“ĂąĂŻ /profile
Î“Ă¶ÂŁ â•žĂ† /profile/[id]
Î“Ă¶ÂŁ Î“ĂąĂŻ /projects/post
Î“Ă¶ÂŁ Î“ĂąĂŻ /register
Î“Ă¶ÂŁ Î“ĂąĂŻ /select-state
Î“Ă¶ÂŁ Î“ĂąĂŻ /seller-dashboard
Î“Ă¶Ă¶ Î“ĂąĂŻ /wishlist


â•žĂ† Proxy (Middleware)

Î“ĂąĂŻ  (Static)   prerendered as static content
â•žĂ†  (Dynamic)  server-rendered on demand

